<?xml version="1.0" encoding="UTF-8"?>
<!-- Generated by org.testng.reporters.JUnitReportReporter -->
<testsuite hostname="DESKTOP-QGORNM4" failures="0" tests="1" name="NewTest" time="36.510" errors="0" timestamp="2024-10-27T20:01:14 EET" skipped="0">
  <testcase classname="NewTest" name="userCanSearchInGoogle" time="36.510"/>
  <system-out/>
</testsuite> <!-- NewTest -->
